nohup: ignoring input
Unable to listen on port 9000: Listeners failed to create with the following errors: [unable to create listener: Error listen tcp4 1Handling connection for 9000
Handling connection for 9000
Handling connection for 9000
Handling connection for 9000
Handling connection for 9000
Handling connection for 9000
Handling connection for 9000
Handling connection for 9000
Handling connection for 9000
Handling connection for 9000
Handling connection for 9000
Handling connection for 9000
Handling connection for 9000
Handling connection for 9000
Handling connection for 9000
Handling connection for 9000
Handling connection for 9000
Handling connection for 9000
Handling connection for 9000
Handling connection for 9000
Handling connection for 9000
Handling connection for 9000
Handling connection for 9000
Handling connection for 9000
Handling connection for 9000
Handling connection for 9000
Handling connection for 9000
Handling connection for 9000
Handling connection for 9000
Handling connection for 9000
Handling connection for 9000
Handling connection for 9000
Handling connection for 9000
Handling connection for 9000
Handling connection for 9000
Handling connection for 9000
Handling connection for 9000
Handling connection for 9000
Handling connection for 9000
Handling connection for 9000
Handling connection for 9000
Handling connection for 9000
Handling connection for 9000
Handling connection for 9000
Handling connection for 9000
Handling connection for 9000
Handling connection for 9000
Handling connection for 9000
Handling connection for 9000
Handling connection for 9000
Handling connection for 9000
Handling connection for 9000
Handling connection for 9000
Handling connection for 9000
Handling connection for 9000
Handling connection for 9000
Handling connection for 9000
Handling connection for 9000
Handling connection for 9000
Handling connection for 9000
Handling connection for 9000
Handling connection for 9000
Handling connection for 9000
Handling connection for 9000
Handling connection for 9000
Handling connection for 9000
Handling connection for 9000
Handling connection for 9000
Handling connection for 9000
Handling connection for 9000
Handling connection for 9000
Handling connection for 9000
Handling connection for 9000
Handling connection for 9000
Handling connection for 9000
Handling connection for 9000
Handling connection for 9000
Handling connection for 9000
Handling connection for 9000
Handling connection for 9000
Handling connection for 9000
Handling connection for 9000
Handling connection for 9000
Handling connection for 9000
Handling connection for 9000
Handling connection for 9000
Handling connection for 9000
Handling connection for 9000
Handling connection for 9000
Handling connection for 9000
Handling connection for 9000
Handling connection for 9000
ommand 'kubectl': No such file or directory
nohup: failed to run command 'kubectl': No such file or directory
nohup: failed to run command 'kubectl': No such file or directory
nohup: failed to run command 'kubectl': No such file or directory
nohup: failed to run command 'kubectl': No such file or directory
nohup: failed to run command 'kubectl': No such file or directory
nohup: failed to run command 'kubectl': No such file or directory
nohup: failed to run command 'kubectl': No such file or directory
nohup: failed to run command 'kubectl': No such file or directory
nohup: failed to run command 'kubectl': No such file or directory
nohup: failed to run command 'kubectl': No such file or directory
nohup: failed to run command 'kubectl': No such file or directory
nohup: failed to run command 'kubectl': No such file or directory
nohup: failed to run command 'kubectl': No such file or directory
nohup: failed to run command 'kubectl': No such file or directory
nohup: failed to run command 'kubectl': No such file or directory
nohup: failed to run command 'kubectl': No such file or directory
nohup: failed to run command 'kubectl': No such file or directory
nohup: failed to run command 'kubectl': No such file or directory
nohup: failed to run command 'kubectl': No such file or directory
nohup: failed to run command 'kubectl': No such file or directory
nohup: failed to run command 'kubectl': No such file or directory
nohup: failed to run command 'kubectl': No such file or directory
nohup: failed to run command 'kubectl': No such file or directory
nohup: failed to run command 'kubectl': No such file or directory
nohup: failed to run command 'kubectl': No such file or directory
nohup: failed to run command 'kubectl': No such file or directory
nohup: failed to run command 'kubectl': No such file or directory
nohup: failed to run command 'kubectl': No such file or directory
nohup: failed to run command 'kubectl': No such file or directory
nohup: failed to run command 'kubectl': No such file or directory
nohup: failed to run command 'kubectl': No such file or directory
nohup: failed to run command 'kubectl': No such file or directory
nohup: failed to run command 'kubectl': No such file or directory
nohup: failed to run command 'kubectl': No such file or directory
nohup: failed to run command 'kubectl': No such file or directory
nohup: failed to run command 'kubectl': No such file or directory
nohup: failed to run command 'kubectl': No such file or directory
nohup: failed to run command 'kubectl': No such file or directory
nohup: failed to run command 'kubectl': No such file or directory
nohup: failed to run command 'kubectl': No such file or directory
nohup: failed to run command 'kubectl': No such file or directory
nohup: failed to run command 'kubectl': No such file or directory
nohup: failed to run command 'kubectl': No such file or directory
nohup: failed to run command 'kubectl': No such file or directory
nohup: failed to run command 'kubectl': No such file or directory
nohup: failed to run command 'kubectl': No such file or directory
nohup: failed to run command 'kubectl': No such file or directory
nohup: failed to run command 'kubectl': No such file or directory
nohup: failed to run command 'kubectl': No such file or directory
nohup: failed to run command 'kubectl': No such file or directory
nohup: failed to run command 'kubectl': No such file or directory
nohup: failed to run command 'kubectl': No such file or directory
nohup: failed to run command 'kubectl': No such file or directory
nohup: failed to run command 'kubectl': No such file or directory
nohup: failed to run command 'kubectl': No such file or directory
nohup: failed to run command 'kubectl': No such file or directory
nohup: failed to run command 'kubectl': No such file or directory
nohup: failed to run command 'kubectl': No such file or directory
nohup: failed to run command 'kubectl': No such file or directory
nohup: failed to run command 'kubectl': No such file or directory
nohup: failed to run command 'kubectl': No such file or directory
nohup: failed to run command 'kubectl': No such file or directory
nohup: failed to run command 'kubectl': No such file or directory
nohup: failed to run command 'kubectl': No such file or directory
nohup: failed to run command 'kubectl': No such file or directory
nohup: failed to run command 'kubectl': No such file or directory
nohup: failed to run command 'kubectl': No such file or directory
nohup: failed to run command 'kubectl': No such file or directory
nohup: failed to run command 'kubectl': No such file or directory
nohup: failed to run command 'kubectl': No such file or directory
nohup: failed to run command 'kubectl': No such file or directory
nohup: failed to run command 'kubectl': No such file or directory
nohup: failed to run command 'kubectl': No such file or directory
nohup: failed to run command 'kubectl': No such file or directory
nohup: failed to run command 'kubectl': No such file or directory
nohup: failed to run command 'kubectl': No such file or directory
nohup: failed to run command 'kubectl': No such file or directory
nohup: failed to run command 'kubectl': No such file or directory
nohup: failed to run command 'kubectl': No such file or directory
nohup: failed to run command 'kubectl': No such file or directory
nohup: failed to run command 'kubectl': No such file or directory
nohup: failed to run command 'kubectl': No such file or directory
nohup: failed to run command 'kubectl': No such file or directory
nohup: failed to run command 'kubectl': No such file or directory
nohup: failed to run command 'kubectl': No such file or directory
nohup: failed to run command 'kubectl': No such file or directory
nohup: failed to run command 'kubectl': No such file or directory
nohup: failed to run command 'kubectl': No such file or directory
nohup: failed to run command 'kubectl': No such file or directory
nohup: failed to run command 'kubectl': No such file or directory
nohup: failed to run command 'kubectl': No such file or directory
nohup: failed to run command 'kubectl': No such file or directory
nohup: failed to run command 'kubectl': No such file or directory
nohup: failed to run command 'kubectl': No such file or directory
nohup: failed to run command 'kubectl': No such file or directory
nohup: failed to run command 'kubectl': No such file or directory
nohup: failed to run command 'kubectl': No such file or directory
nohup: failed to run command 'kubectl': No such file or directory
nohup: failed to run command 'kubectl': No such file or directory
nohup: failed to run command 'kubectl': No such file or directory
nohup: failed to run command 'kubectl': No such file or directory
nohup: failed to run command 'kubectl': No such file or directory
nohup: failed to run command 'kubectl': No such file or directory
nohup: failed to run command 'kubectl': No such file or directory
nohup: failed to run command 'kubectl': No such file or directory
nohup: failed to run command 'kubectl': No such file or directory
nohup: failed to run command 'kubectl': No such file or directory
nohup: failed to run command 'kubectl': No such file or directory
nohup: failed to run command 'kubectl': No such file or directory
nohup: failed to run command 'kubectl': No such file or directory
nohup: failed to run command 'kubectl': No such file or directory
nohup: failed to run command 'kubectl': No such file or directory
nohup: failed to run command 'kubectl': No such file or directory
nohup: failed to run command 'kubectl': No such file or directory
nohup: failed to run command 'kubectl': No such file or directory
